Copyright 1986-2020 Xilinx, Inc. All Rights Reserved.
------------------------------------------------------------------------------------
| Tool Version : Vivado v.2020.1 (win64) Build 2902540 Wed May 27 19:54:49 MDT 2020
| Date         : Wed Nov  9 23:01:24 2022
| Host         : Teng-Dell running 64-bit major release  (build 9200)
| Command      : upgrade_ip
| Device       : xczu3eg-sbva484-1-i
------------------------------------------------------------------------------------

Upgrade Log for IP 'design_3_mlp_HLS_0_0'

1. Summary
----------

SUCCESS in the upgrade of design_3_mlp_HLS_0_0 (xilinx.com:hls:mlp_HLS:1.0) from (Rev. 2112759809) to (Rev. 2112763018)






Copyright 1986-2020 Xilinx, Inc. All Rights Reserved.
------------------------------------------------------------------------------------
| Tool Version : Vivado v.2020.1 (win64) Build 2902540 Wed May 27 19:54:49 MDT 2020
| Date         : Mon Nov  7 17:32:09 2022
| Host         : Teng-Dell running 64-bit major release  (build 9200)
| Command      : upgrade_ip
| Device       : xczu3eg-sbva484-1-i
------------------------------------------------------------------------------------

Upgrade Log for IP 'design_3_mlp_HLS_0_0'

1. Summary
----------

SUCCESS in the upgrade of design_3_mlp_HLS_0_0 (xilinx.com:hls:mlp_HLS:1.0) from (Rev. 2112752717) to (Rev. 2112759809)






Copyright 1986-2020 Xilinx, Inc. All Rights Reserved.
------------------------------------------------------------------------------------
| Tool Version : Vivado v.2020.1 (win64) Build 2902540 Wed May 27 19:54:49 MDT 2020
| Date         : Wed Nov  2 19:18:20 2022
| Host         : Teng-Dell running 64-bit major release  (build 9200)
| Command      : upgrade_ip
| Device       : xczu3eg-sbva484-1-i
------------------------------------------------------------------------------------

Upgrade Log for IP 'design_3_mlp_HLS_0_0'

1. Summary
----------

SUCCESS in the upgrade of design_3_mlp_HLS_0_0 (xilinx.com:hls:mlp_HLS:1.0) from (Rev. 2112752520) to (Rev. 2112752717)






Copyright 1986-2020 Xilinx, Inc. All Rights Reserved.
------------------------------------------------------------------------------------
| Tool Version : Vivado v.2020.1 (win64) Build 2902540 Wed May 27 19:54:49 MDT 2020
| Date         : Wed Nov  2 16:00:48 2022
| Host         : Teng-Dell running 64-bit major release  (build 9200)
| Command      : upgrade_ip
| Device       : xczu3eg-sbva484-1-i
------------------------------------------------------------------------------------

Upgrade Log for IP 'design_3_mlp_HLS_0_0'

1. Summary
----------

SUCCESS in the upgrade of design_3_mlp_HLS_0_0 (xilinx.com:hls:mlp_HLS:1.0) from (Rev. 2112752331) to (Rev. 2112752520)






Copyright 1986-2020 Xilinx, Inc. All Rights Reserved.
------------------------------------------------------------------------------------
| Tool Version : Vivado v.2020.1 (win64) Build 2902540 Wed May 27 19:54:49 MDT 2020
| Date         : Wed Nov  2 12:53:14 2022
| Host         : Teng-Dell running 64-bit major release  (build 9200)
| Command      : upgrade_ip
| Device       : xczu3eg-sbva484-1-i
------------------------------------------------------------------------------------

Upgrade Log for IP 'design_3_mlp_HLS_0_0'

1. Summary
----------

SUCCESS in the upgrade of design_3_mlp_HLS_0_0 (xilinx.com:hls:mlp_HLS:1.0) from (Rev. 2112752286) to (Rev. 2112752331)






Copyright 1986-2020 Xilinx, Inc. All Rights Reserved.
------------------------------------------------------------------------------------
| Tool Version : Vivado v.2020.1 (win64) Build 2902540 Wed May 27 19:54:49 MDT 2020
| Date         : Wed Nov  2 12:08:53 2022
| Host         : Teng-Dell running 64-bit major release  (build 9200)
| Command      : upgrade_ip
| Device       : xczu3eg-sbva484-1-i
------------------------------------------------------------------------------------

Upgrade Log for IP 'design_3_mlp_HLS_0_0'

1. Summary
----------

SUCCESS in the upgrade of design_3_mlp_HLS_0_0 (xilinx.com:hls:mlp_HLS:1.0) from (Rev. 2112751438) to (Rev. 2112752286)






Copyright 1986-2020 Xilinx, Inc. All Rights Reserved.
------------------------------------------------------------------------------------
| Tool Version : Vivado v.2020.1 (win64) Build 2902540 Wed May 27 19:54:49 MDT 2020
| Date         : Tue Nov  1 22:00:28 2022
| Host         : Teng-Dell running 64-bit major release  (build 9200)
| Command      : upgrade_ip
| Device       : xczu3eg-sbva484-1-i
------------------------------------------------------------------------------------

Upgrade Log for IP 'design_3_mlp_HLS_0_0'

1. Summary
----------

SUCCESS in the upgrade of design_3_mlp_HLS_0_0 (xilinx.com:hls:mlp_HLS:1.0) from (Rev. 2112751064) to (Rev. 2112751438)






Copyright 1986-2020 Xilinx, Inc. All Rights Reserved.
------------------------------------------------------------------------------------
| Tool Version : Vivado v.2020.1 (win64) Build 2902540 Wed May 27 19:54:49 MDT 2020
| Date         : Tue Nov  1 15:45:15 2022
| Host         : Teng-Dell running 64-bit major release  (build 9200)
| Command      : upgrade_ip
| Device       : xczu3eg-sbva484-1-i
------------------------------------------------------------------------------------

Upgrade Log for IP 'design_3_mlp_HLS_0_0'

1. Summary
----------

SUCCESS in the upgrade of design_3_mlp_HLS_0_0 (xilinx.com:hls:mlp_HLS:1.0) from (Rev. 2112751000) to (Rev. 2112751064)






Copyright 1986-2020 Xilinx, Inc. All Rights Reserved.
------------------------------------------------------------------------------------
| Tool Version : Vivado v.2020.1 (win64) Build 2902540 Wed May 27 19:54:49 MDT 2020
| Date         : Tue Nov  1 14:42:42 2022
| Host         : Teng-Dell running 64-bit major release  (build 9200)
| Command      : upgrade_ip
| Device       : xczu3eg-sbva484-1-i
------------------------------------------------------------------------------------

Upgrade Log for IP 'design_3_mlp_HLS_0_0'

1. Summary
----------

SUCCESS in the upgrade of design_3_mlp_HLS_0_0 (xilinx.com:hls:mlp_HLS:1.0) from (Rev. 2112750807) to (Rev. 2112751000)






Copyright 1986-2020 Xilinx, Inc. All Rights Reserved.
------------------------------------------------------------------------------------
| Tool Version : Vivado v.2020.1 (win64) Build 2902540 Wed May 27 19:54:49 MDT 2020
| Date         : Tue Nov  1 11:52:04 2022
| Host         : Teng-Dell running 64-bit major release  (build 9200)
| Command      : upgrade_ip
| Device       : xczu3eg-sbva484-1-i
------------------------------------------------------------------------------------

Upgrade Log for IP 'design_3_mlp_HLS_0_0'

1. Summary
----------

SUCCESS in the upgrade of design_3_mlp_HLS_0_0 (xilinx.com:hls:mlp_HLS:1.0) from (Rev. 2112750770) to (Rev. 2112750807)






Copyright 1986-2020 Xilinx, Inc. All Rights Reserved.
------------------------------------------------------------------------------------
| Tool Version : Vivado v.2020.1 (win64) Build 2902540 Wed May 27 19:54:49 MDT 2020
| Date         : Tue Nov  1 10:51:38 2022
| Host         : Teng-Dell running 64-bit major release  (build 9200)
| Command      : upgrade_ip
| Device       : xczu3eg-sbva484-1-i
------------------------------------------------------------------------------------

Upgrade Log for IP 'design_3_mlp_HLS_0_0'

1. Summary
----------

SUCCESS in the upgrade of design_3_mlp_HLS_0_0 (xilinx.com:hls:mlp_HLS:1.0) from (Rev. 2112749721) to (Rev. 2112750770)






Copyright 1986-2020 Xilinx, Inc. All Rights Reserved.
------------------------------------------------------------------------------------
| Tool Version : Vivado v.2020.1 (win64) Build 2902540 Wed May 27 19:54:49 MDT 2020
| Date         : Mon Oct 31 17:22:36 2022
| Host         : Teng-Dell running 64-bit major release  (build 9200)
| Command      : upgrade_ip
| Device       : xczu3eg-sbva484-1-i
------------------------------------------------------------------------------------

Upgrade Log for IP 'design_3_mlp_HLS_0_0'

1. Summary
----------

SUCCESS in the upgrade of design_3_mlp_HLS_0_0 (xilinx.com:hls:mlp_HLS:1.0) from (Rev. 2112749583) to (Rev. 2112749721)






Copyright 1986-2020 Xilinx, Inc. All Rights Reserved.
------------------------------------------------------------------------------------
| Tool Version : Vivado v.2020.1 (win64) Build 2902540 Wed May 27 19:54:49 MDT 2020
| Date         : Mon Oct 31 15:04:16 2022
| Host         : Teng-Dell running 64-bit major release  (build 9200)
| Command      : upgrade_ip
| Device       : xczu3eg-sbva484-1-i
------------------------------------------------------------------------------------

Upgrade Log for IP 'design_3_mlp_HLS_0_0'

1. Summary
----------

SUCCESS in the upgrade of design_3_mlp_HLS_0_0 (xilinx.com:hls:mlp_HLS:1.0) from (Rev. 2112743820) to (Rev. 2112749583)






Copyright 1986-2020 Xilinx, Inc. All Rights Reserved.
------------------------------------------------------------------------------------
| Tool Version : Vivado v.2020.1 (win64) Build 2902540 Wed May 27 19:54:49 MDT 2020
| Date         : Thu Oct 27 15:06:38 2022
| Host         : Teng-Dell running 64-bit major release  (build 9200)
| Command      : upgrade_ip
| Device       : xczu3eg-sbva484-1-i
------------------------------------------------------------------------------------

Upgrade Log for IP 'design_3_mlp_HLS_0_0'

1. Summary
----------

SUCCESS in the upgrade of design_3_mlp_HLS_0_0 (xilinx.com:hls:mlp_HLS:1.0) from (Rev. 2112743786) to (Rev. 2112743820)






Copyright 1986-2020 Xilinx, Inc. All Rights Reserved.
------------------------------------------------------------------------------------
| Tool Version : Vivado v.2020.1 (win64) Build 2902540 Wed May 27 19:54:49 MDT 2020
| Date         : Thu Oct 27 14:27:10 2022
| Host         : Teng-Dell running 64-bit major release  (build 9200)
| Command      : upgrade_ip
| Device       : xczu3eg-sbva484-1-i
------------------------------------------------------------------------------------

Upgrade Log for IP 'design_3_mlp_HLS_0_0'

1. Summary
----------

SUCCESS in the upgrade of design_3_mlp_HLS_0_0 (xilinx.com:hls:mlp_HLS:1.0) from (Rev. 2112743734) to (Rev. 2112743786)






Copyright 1986-2020 Xilinx, Inc. All Rights Reserved.
------------------------------------------------------------------------------------
| Tool Version : Vivado v.2020.1 (win64) Build 2902540 Wed May 27 19:54:49 MDT 2020
| Date         : Thu Oct 27 13:35:17 2022
| Host         : Teng-Dell running 64-bit major release  (build 9200)
| Command      : upgrade_ip
| Device       : xczu3eg-sbva484-1-i
------------------------------------------------------------------------------------

Upgrade Log for IP 'design_3_mlp_HLS_0_0'

1. Summary
----------

SUCCESS in the upgrade of design_3_mlp_HLS_0_0 (xilinx.com:hls:mlp_HLS:1.0) from (Rev. 2112743648) to (Rev. 2112743734)






Copyright 1986-2020 Xilinx, Inc. All Rights Reserved.
------------------------------------------------------------------------------------
| Tool Version : Vivado v.2020.1 (win64) Build 2902540 Wed May 27 19:54:49 MDT 2020
| Date         : Thu Oct 27 12:10:22 2022
| Host         : Teng-Dell running 64-bit major release  (build 9200)
| Command      : upgrade_ip
| Device       : xczu3eg-sbva484-1-i
------------------------------------------------------------------------------------

Upgrade Log for IP 'design_3_mlp_HLS_0_0'

1. Summary
----------

SUCCESS in the upgrade of design_3_mlp_HLS_0_0 (xilinx.com:hls:mlp_HLS:1.0) from (Rev. 2112728424) to (Rev. 2112743648)






Copyright 1986-2020 Xilinx, Inc. All Rights Reserved.
------------------------------------------------------------------------------------
| Tool Version : Vivado v.2020.1 (win64) Build 2902540 Wed May 27 19:54:49 MDT 2020
| Date         : Sun Oct 16 22:24:55 2022
| Host         : Teng-Dell running 64-bit major release  (build 9200)
| Command      : upgrade_ip
| Device       : xczu3eg-sbva484-1-i
------------------------------------------------------------------------------------

Upgrade Log for IP 'design_3_mlp_HLS_0_0'

1. Summary
----------

SUCCESS in the upgrade of design_3_mlp_HLS_0_0 (xilinx.com:hls:mlp_HLS:1.0) from (Rev. 2112728391) to (Rev. 2112728424)






Copyright 1986-2020 Xilinx, Inc. All Rights Reserved.
------------------------------------------------------------------------------------
| Tool Version : Vivado v.2020.1 (win64) Build 2902540 Wed May 27 19:54:49 MDT 2020
| Date         : Sun Oct 16 21:52:37 2022
| Host         : Teng-Dell running 64-bit major release  (build 9200)
| Command      : upgrade_ip
| Device       : xczu3eg-sbva484-1-i
------------------------------------------------------------------------------------

Upgrade Log for IP 'design_3_mlp_HLS_0_0'

1. Summary
----------

SUCCESS in the upgrade of design_3_mlp_HLS_0_0 (xilinx.com:hls:mlp_HLS:1.0) from (Rev. 2112728018) to (Rev. 2112728391)






Copyright 1986-2020 Xilinx, Inc. All Rights Reserved.
------------------------------------------------------------------------------------
| Tool Version : Vivado v.2020.1 (win64) Build 2902540 Wed May 27 19:54:49 MDT 2020
| Date         : Sun Oct 16 15:48:08 2022
| Host         : Teng-Dell running 64-bit major release  (build 9200)
| Command      : upgrade_ip
| Device       : xczu3eg-sbva484-1-i
------------------------------------------------------------------------------------

Upgrade Log for IP 'design_3_mlp_HLS_0_0'

1. Summary
----------

SUCCESS in the upgrade of design_3_mlp_HLS_0_0 (xilinx.com:hls:mlp_HLS:1.0) from (Rev. 2112725726) to (Rev. 2112728018)






Copyright 1986-2020 Xilinx, Inc. All Rights Reserved.
------------------------------------------------------------------------------------
| Tool Version : Vivado v.2020.1 (win64) Build 2902540 Wed May 27 19:54:49 MDT 2020
| Date         : Sat Oct 15 01:29:49 2022
| Host         : Teng-Dell running 64-bit major release  (build 9200)
| Command      : upgrade_ip
| Device       : xczu3eg-sbva484-1-i
------------------------------------------------------------------------------------

Upgrade Log for IP 'design_3_mlp_HLS_0_0'

1. Summary
----------

SUCCESS in the upgrade of design_3_mlp_HLS_0_0 (xilinx.com:hls:mlp_HLS:1.0) from (Rev. 2112725104) to (Rev. 2112725726)






Copyright 1986-2020 Xilinx, Inc. All Rights Reserved.
------------------------------------------------------------------------------------
| Tool Version : Vivado v.2020.1 (win64) Build 2902540 Wed May 27 19:54:49 MDT 2020
| Date         : Fri Oct 14 15:18:11 2022
| Host         : Teng-Dell running 64-bit major release  (build 9200)
| Command      : upgrade_ip
| Device       : xczu3eg-sbva484-1-i
------------------------------------------------------------------------------------

Upgrade Log for IP 'design_3_mlp_HLS_0_0'

1. Summary
----------

SUCCESS in the upgrade of design_3_mlp_HLS_0_0 (xilinx.com:hls:mlp_HLS:1.0) from (Rev. 2112722337) to (Rev. 2112725104)






Copyright 1986-2020 Xilinx, Inc. All Rights Reserved.
------------------------------------------------------------------------------------
| Tool Version : Vivado v.2020.1 (win64) Build 2902540 Wed May 27 19:54:49 MDT 2020
| Date         : Wed Oct 12 16:59:22 2022
| Host         : Teng-Dell running 64-bit major release  (build 9200)
| Command      : upgrade_ip
| Device       : xczu3eg-sbva484-1-i
------------------------------------------------------------------------------------

Upgrade Log for IP 'design_3_mlp_HLS_0_0'

1. Summary
----------

SUCCESS in the upgrade of design_3_mlp_HLS_0_0 (xilinx.com:hls:mlp_HLS:1.0) from (Rev. 2112720873) to (Rev. 2112722337)






Copyright 1986-2020 Xilinx, Inc. All Rights Reserved.
------------------------------------------------------------------------------------
| Tool Version : Vivado v.2020.1 (win64) Build 2902540 Wed May 27 19:54:49 MDT 2020
| Date         : Tue Oct 11 16:34:34 2022
| Host         : Teng-Dell running 64-bit major release  (build 9200)
| Command      : upgrade_ip
| Device       : xczu3eg-sbva484-1-i
------------------------------------------------------------------------------------

Upgrade Log for IP 'design_3_mlp_HLS_0_0'

1. Summary
----------

SUCCESS in the upgrade of design_3_mlp_HLS_0_0 (xilinx.com:hls:mlp_HLS:1.0) from (Rev. 2112720842) to (Rev. 2112720873)






Copyright 1986-2020 Xilinx, Inc. All Rights Reserved.
------------------------------------------------------------------------------------
| Tool Version : Vivado v.2020.1 (win64) Build 2902540 Wed May 27 19:54:49 MDT 2020
| Date         : Tue Oct 11 16:09:33 2022
| Host         : Teng-Dell running 64-bit major release  (build 9200)
| Command      : upgrade_ip
| Device       : xczu3eg-sbva484-1-i
------------------------------------------------------------------------------------

Upgrade Log for IP 'design_3_mlp_HLS_0_0'

1. Summary
----------

SUCCESS in the upgrade of design_3_mlp_HLS_0_0 (xilinx.com:hls:mlp_HLS:1.0) from (Rev. 2112713484) to (Rev. 2112720842)






Copyright 1986-2020 Xilinx, Inc. All Rights Reserved.
------------------------------------------------------------------------------------
| Tool Version : Vivado v.2020.1 (win64) Build 2902540 Wed May 27 19:54:49 MDT 2020
| Date         : Thu Oct  6 13:25:29 2022
| Host         : Teng-Dell running 64-bit major release  (build 9200)
| Command      : upgrade_ip
| Device       : xczu3eg-sbva484-1-i
------------------------------------------------------------------------------------

Upgrade Log for IP 'design_3_mlp_HLS_0_0'

1. Summary
----------

SUCCESS in the upgrade of design_3_mlp_HLS_0_0 (xilinx.com:hls:mlp_HLS:1.0) from (Rev. 2112712710) to (Rev. 2112713484)






Copyright 1986-2020 Xilinx, Inc. All Rights Reserved.
------------------------------------------------------------------------------------
| Tool Version : Vivado v.2020.1 (win64) Build 2902540 Wed May 27 19:54:49 MDT 2020
| Date         : Thu Oct  6 00:32:41 2022
| Host         : Teng-Dell running 64-bit major release  (build 9200)
| Command      : upgrade_ip
| Device       : xczu3eg-sbva484-1-i
------------------------------------------------------------------------------------

Upgrade Log for IP 'design_3_mlp_HLS_0_0'

1. Summary
----------

SUCCESS in the upgrade of design_3_mlp_HLS_0_0 (xilinx.com:hls:mlp_HLS:1.0) from (Rev. 2112712607) to (Rev. 2112712710)






Copyright 1986-2020 Xilinx, Inc. All Rights Reserved.
------------------------------------------------------------------------------------
| Tool Version : Vivado v.2020.1 (win64) Build 2902540 Wed May 27 19:54:49 MDT 2020
| Date         : Wed Oct  5 22:51:09 2022
| Host         : Teng-Dell running 64-bit major release  (build 9200)
| Command      : upgrade_ip
| Device       : xczu3eg-sbva484-1-i
------------------------------------------------------------------------------------

Upgrade Log for IP 'design_3_mlp_HLS_0_0'

1. Summary
----------

SUCCESS in the upgrade of design_3_mlp_HLS_0_0 (xilinx.com:hls:mlp_HLS:1.0) from (Rev. 2112689167) to (Rev. 2112712607)






Copyright 1986-2020 Xilinx, Inc. All Rights Reserved.
------------------------------------------------------------------------------------
| Tool Version : Vivado v.2020.1 (win64) Build 2902540 Wed May 27 19:54:49 MDT 2020
| Date         : Mon Sep 19 16:09:57 2022
| Host         : Teng-Dell running 64-bit major release  (build 9200)
| Command      : upgrade_ip
| Device       : xczu3eg-sbva484-1-i
------------------------------------------------------------------------------------

Upgrade Log for IP 'design_3_mlp_HLS_0_0'

1. Summary
----------

SUCCESS in the upgrade of design_3_mlp_HLS_0_0 (xilinx.com:hls:mlp_HLS:1.0) from (Rev. 2112683601) to (Rev. 2112689167)






Copyright 1986-2020 Xilinx, Inc. All Rights Reserved.
------------------------------------------------------------------------------------
| Tool Version : Vivado v.2020.1 (win64) Build 2902540 Wed May 27 19:54:49 MDT 2020
| Date         : Thu Sep 15 19:23:10 2022
| Host         : Teng-Dell running 64-bit major release  (build 9200)
| Command      : upgrade_ip
| Device       : xczu3eg-sbva484-1-i
------------------------------------------------------------------------------------

Upgrade Log for IP 'design_1_mlp_HLS_0_0'

1. Summary
----------

SUCCESS in the upgrade of design_1_mlp_HLS_0_0 (xilinx.com:hls:mlp_HLS:1.0) from (Rev. 2112683469) to (Rev. 2112683601)






Copyright 1986-2020 Xilinx, Inc. All Rights Reserved.
------------------------------------------------------------------------------------
| Tool Version : Vivado v.2020.1 (win64) Build 2902540 Wed May 27 19:54:49 MDT 2020
| Date         : Thu Sep 15 17:11:16 2022
| Host         : Teng-Dell running 64-bit major release  (build 9200)
| Command      : upgrade_ip
| Device       : xczu3eg-sbva484-1-i
------------------------------------------------------------------------------------

Upgrade Log for IP 'design_1_mlp_HLS_0_0'

1. Summary
----------

SUCCESS in the upgrade of design_1_mlp_HLS_0_0 (xilinx.com:hls:mlp_HLS:1.0) from (Rev. 2112683364) to (Rev. 2112683469)






Copyright 1986-2020 Xilinx, Inc. All Rights Reserved.
------------------------------------------------------------------------------------
| Tool Version : Vivado v.2020.1 (win64) Build 2902540 Wed May 27 19:54:49 MDT 2020
| Date         : Thu Sep 15 15:26:09 2022
| Host         : Teng-Dell running 64-bit major release  (build 9200)
| Command      : upgrade_ip
| Device       : xczu3eg-sbva484-1-i
------------------------------------------------------------------------------------

Upgrade Log for IP 'design_1_mlp_HLS_0_0'

1. Summary
----------

SUCCESS in the upgrade of design_1_mlp_HLS_0_0 (xilinx.com:hls:mlp_HLS:1.0) from (Rev. 2112683302) to (Rev. 2112683364)






Copyright 1986-2020 Xilinx, Inc. All Rights Reserved.
------------------------------------------------------------------------------------
| Tool Version : Vivado v.2020.1 (win64) Build 2902540 Wed May 27 19:54:49 MDT 2020
| Date         : Thu Sep 15 14:24:27 2022
| Host         : Teng-Dell running 64-bit major release  (build 9200)
| Command      : upgrade_ip
| Device       : xczu3eg-sbva484-1-i
------------------------------------------------------------------------------------

Upgrade Log for IP 'design_1_mlp_HLS_0_0'

1. Summary
----------

SUCCESS in the upgrade of design_1_mlp_HLS_0_0 (xilinx.com:hls:mlp_HLS:1.0) from (Rev. 2112683170) to (Rev. 2112683302)






Copyright 1986-2020 Xilinx, Inc. All Rights Reserved.
------------------------------------------------------------------------------------
| Tool Version : Vivado v.2020.1 (win64) Build 2902540 Wed May 27 19:54:49 MDT 2020
| Date         : Thu Sep 15 12:12:48 2022
| Host         : Teng-Dell running 64-bit major release  (build 9200)
| Command      : upgrade_ip
| Device       : xczu3eg-sbva484-1-i
------------------------------------------------------------------------------------

Upgrade Log for IP 'design_1_mlp_HLS_0_0'

1. Summary
----------

SUCCESS in the upgrade of design_1_mlp_HLS_0_0 (xilinx.com:hls:mlp_HLS:1.0) from (Rev. 2112683075) to (Rev. 2112683170)






Copyright 1986-2020 Xilinx, Inc. All Rights Reserved.
------------------------------------------------------------------------------------
| Tool Version : Vivado v.2020.1 (win64) Build 2902540 Wed May 27 19:54:49 MDT 2020
| Date         : Thu Sep 15 10:37:17 2022
| Host         : Teng-Dell running 64-bit major release  (build 9200)
| Command      : upgrade_ip
| Device       : xczu3eg-sbva484-1-i
------------------------------------------------------------------------------------

Upgrade Log for IP 'design_1_mlp_HLS_0_0'

1. Summary
----------

SUCCESS in the upgrade of design_1_mlp_HLS_0_0 (xilinx.com:hls:mlp_HLS:1.0) from (Rev. 2112682567) to (Rev. 2112683075)






Copyright 1986-2020 Xilinx, Inc. All Rights Reserved.
------------------------------------------------------------------------------------
| Tool Version : Vivado v.2020.1 (win64) Build 2902540 Wed May 27 19:54:49 MDT 2020
| Date         : Thu Sep 15 02:21:50 2022
| Host         : Teng-Dell running 64-bit major release  (build 9200)
| Command      : upgrade_ip
| Device       : xczu3eg-sbva484-1-i
------------------------------------------------------------------------------------

Upgrade Log for IP 'design_1_mlp_HLS_0_0'

1. Summary
----------

SUCCESS in the upgrade of design_1_mlp_HLS_0_0 (xilinx.com:hls:mlp_HLS:1.0) from (Rev. 2112682323) to (Rev. 2112682567)

