Copyright 1986-2020 Xilinx, Inc. All Rights Reserved.
-----------------------------------------------------------------------------------------------------------------------------
| Tool Version : Vivado v.2020.1 (win64) Build 2902540 Wed May 27 19:54:49 MDT 2020
| Date         : Wed Nov  9 23:13:30 2022
| Host         : Teng-Dell running 64-bit major release  (build 9200)
| Command      : report_utilization -file design_3_wrapper_utilization_placed.rpt -pb design_3_wrapper_utilization_placed.pb
| Design       : design_3_wrapper
| Device       : xczu3egsbva484-1
| Design State : Fully Placed
-----------------------------------------------------------------------------------------------------------------------------

Utilization Design Information

Table of Contents
-----------------
1. CLB Logic
1.1 Summary of Registers by Type
2. CLB Logic Distribution
3. BLOCKRAM
4. ARITHMETIC
5. I/O
6. CLOCK
7. ADVANCED
8. CONFIGURATION
9. Primitives
10. Black Boxes
11. Instantiated Netlists

1. CLB Logic
------------

+----------------------------+-------+-------+-----------+-------+
|          Site Type         |  Used | Fixed | Available | Util% |
+----------------------------+-------+-------+-----------+-------+
| CLB LUTs                   |  8113 |     0 |     70560 | 11.50 |
|   LUT as Logic             |  7206 |     0 |     70560 | 10.21 |
|   LUT as Memory            |   907 |     0 |     28800 |  3.15 |
|     LUT as Distributed RAM |   714 |     0 |           |       |
|     LUT as Shift Register  |   193 |     0 |           |       |
| CLB Registers              | 10269 |     0 |    141120 |  7.28 |
|   Register as Flip Flop    | 10269 |     0 |    141120 |  7.28 |
|   Register as Latch        |     0 |     0 |    141120 |  0.00 |
| CARRY8                     |    59 |     0 |      8820 |  0.67 |
| F7 Muxes                   |     5 |     0 |     35280 |  0.01 |
| F8 Muxes                   |     0 |     0 |     17640 |  0.00 |
| F9 Muxes                   |     0 |     0 |      8820 |  0.00 |
+----------------------------+-------+-------+-----------+-------+


1.1 Summary of Registers by Type
--------------------------------

+-------+--------------+-------------+--------------+
| Total | Clock Enable | Synchronous | Asynchronous |
+-------+--------------+-------------+--------------+
| 0     |            _ |           - |            - |
| 0     |            _ |           - |          Set |
| 0     |            _ |           - |        Reset |
| 0     |            _ |         Set |            - |
| 0     |            _ |       Reset |            - |
| 0     |          Yes |           - |            - |
| 66    |          Yes |           - |          Set |
| 138   |          Yes |           - |        Reset |
| 286   |          Yes |         Set |            - |
| 9779  |          Yes |       Reset |            - |
+-------+--------------+-------------+--------------+


2. CLB Logic Distribution
-------------------------

+--------------------------------------------+-------+-------+-----------+-------+
|                  Site Type                 |  Used | Fixed | Available | Util% |
+--------------------------------------------+-------+-------+-----------+-------+
| CLB                                        |  1619 |     0 |      8820 | 18.36 |
|   CLBL                                     |  1041 |     0 |           |       |
|   CLBM                                     |   578 |     0 |           |       |
| LUT as Logic                               |  7206 |     0 |     70560 | 10.21 |
|   using O5 output only                     |   304 |       |           |       |
|   using O6 output only                     |  4758 |       |           |       |
|   using O5 and O6                          |  2144 |       |           |       |
| LUT as Memory                              |   907 |     0 |     28800 |  3.15 |
|   LUT as Distributed RAM                   |   714 |     0 |           |       |
|     using O5 output only                   |     0 |       |           |       |
|     using O6 output only                   |     2 |       |           |       |
|     using O5 and O6                        |   712 |       |           |       |
|   LUT as Shift Register                    |   193 |     0 |           |       |
|     using O5 output only                   |     0 |       |           |       |
|     using O6 output only                   |   129 |       |           |       |
|     using O5 and O6                        |    64 |       |           |       |
| CLB Registers                              | 10269 |     0 |    141120 |  7.28 |
|   Register driven from within the CLB      |  5604 |       |           |       |
|   Register driven from outside the CLB     |  4665 |       |           |       |
|     LUT in front of the register is unused |  2886 |       |           |       |
|     LUT in front of the register is used   |  1779 |       |           |       |
| Unique Control Sets                        |   578 |       |     17640 |  3.28 |
+--------------------------------------------+-------+-------+-----------+-------+
* * Note: Available Control Sets calculated as Slices * 2, Review the Control Sets Report for more information regarding control sets.


3. BLOCKRAM
-----------

+-------------------+------+-------+-----------+-------+
|     Site Type     | Used | Fixed | Available | Util% |
+-------------------+------+-------+-----------+-------+
| Block RAM Tile    | 30.5 |     0 |       216 | 14.12 |
|   RAMB36/FIFO*    |   27 |     0 |       216 | 12.50 |
|     RAMB36E2 only |   27 |       |           |       |
|   RAMB18          |    7 |     0 |       432 |  1.62 |
|     RAMB18E2 only |    7 |       |           |       |
+-------------------+------+-------+-----------+-------+
* Note: Each Block RAM Tile only has one FIFO logic available and therefore can accommodate only one FIFO36E2 or one FIFO18E2. However, if a FIFO18E2 occupies a Block RAM Tile, that tile can still accommodate a RAMB18E2


4. ARITHMETIC
-------------

+----------------+------+-------+-----------+-------+
|    Site Type   | Used | Fixed | Available | Util% |
+----------------+------+-------+-----------+-------+
| DSPs           |    5 |     0 |       360 |  1.39 |
|   DSP48E2 only |    5 |       |           |       |
+----------------+------+-------+-----------+-------+


5. I/O
------

+------------------+------+-------+-----------+-------+
|     Site Type    | Used | Fixed | Available | Util% |
+------------------+------+-------+-----------+-------+
| Bonded IOB       |    0 |     0 |        82 |  0.00 |
| HPIOB_M          |    0 |     0 |        26 |  0.00 |
| HPIOB_S          |    0 |     0 |        26 |  0.00 |
| HDIOB_M          |    0 |     0 |        12 |  0.00 |
| HDIOB_S          |    0 |     0 |        12 |  0.00 |
| HPIOB_SNGL       |    0 |     0 |         6 |  0.00 |
| HPIOBDIFFINBUF   |    0 |     0 |        72 |  0.00 |
| HPIOBDIFFOUTBUF  |    0 |     0 |        72 |  0.00 |
| HDIOBDIFFINBUF   |    0 |     0 |        48 |  0.00 |
| BITSLICE_CONTROL |    0 |     0 |        24 |  0.00 |
| BITSLICE_RX_TX   |    0 |     0 |       156 |  0.00 |
| BITSLICE_TX      |    0 |     0 |        24 |  0.00 |
| RIU_OR           |    0 |     0 |        12 |  0.00 |
+------------------+------+-------+-----------+-------+


6. CLOCK
--------

+----------------------+------+-------+-----------+-------+
|       Site Type      | Used | Fixed | Available | Util% |
+----------------------+------+-------+-----------+-------+
| GLOBAL CLOCK BUFFERs |    1 |     0 |       196 |  0.51 |
|   BUFGCE             |    0 |     0 |        88 |  0.00 |
|   BUFGCE_DIV         |    0 |     0 |        12 |  0.00 |
|   BUFG_PS            |    1 |     0 |        72 |  1.39 |
|   BUFGCTRL*          |    0 |     0 |        24 |  0.00 |
| PLL                  |    0 |     0 |         6 |  0.00 |
| MMCM                 |    0 |     0 |         3 |  0.00 |
+----------------------+------+-------+-----------+-------+
* Note: Each used BUFGCTRL counts as two GLOBAL CLOCK BUFFERs. This table does not include global clocking resources, only buffer cell usage. See the Clock Utilization Report (report_clock_utilization) for detailed accounting of global clocking resource availability.


7. ADVANCED
-----------

+-----------+------+-------+-----------+--------+
| Site Type | Used | Fixed | Available |  Util% |
+-----------+------+-------+-----------+--------+
| PS8       |    1 |     0 |         1 | 100.00 |
| SYSMONE4  |    0 |     0 |         1 |   0.00 |
+-----------+------+-------+-----------+--------+


8. CONFIGURATION
----------------

+-------------+------+-------+-----------+-------+
|  Site Type  | Used | Fixed | Available | Util% |
+-------------+------+-------+-----------+-------+
| BSCANE2     |    0 |     0 |         4 |  0.00 |
| DNA_PORTE2  |    0 |     0 |         1 |  0.00 |
| EFUSE_USR   |    0 |     0 |         1 |  0.00 |
| FRAME_ECCE4 |    0 |     0 |         1 |  0.00 |
| ICAPE3      |    0 |     0 |         2 |  0.00 |
| MASTER_JTAG |    0 |     0 |         1 |  0.00 |
| STARTUPE3   |    0 |     0 |         1 |  0.00 |
+-------------+------+-------+-----------+-------+


9. Primitives
-------------

+----------+------+---------------------+
| Ref Name | Used | Functional Category |
+----------+------+---------------------+
| FDRE     | 9779 |            Register |
| LUT3     | 2615 |                 CLB |
| LUT6     | 2613 |                 CLB |
| LUT5     | 1687 |                 CLB |
| LUT4     | 1420 |                 CLB |
| RAMD32   | 1248 |                 CLB |
| LUT2     |  728 |                 CLB |
| LUT1     |  287 |                 CLB |
| FDSE     |  286 |            Register |
| SRL16E   |  224 |                 CLB |
| RAMS32   |  178 |                 CLB |
| FDCE     |  138 |            Register |
| FDPE     |   66 |            Register |
| CARRY8   |   59 |                 CLB |
| SRLC32E  |   33 |                 CLB |
| RAMB36E2 |   27 |           Block Ram |
| RAMB18E2 |    7 |           Block Ram |
| MUXF7    |    5 |                 CLB |
| DSP48E2  |    5 |          Arithmetic |
| PS8      |    1 |            Advanced |
| BUFG_PS  |    1 |               Clock |
+----------+------+---------------------+


10. Black Boxes
---------------

+----------+------+
| Ref Name | Used |
+----------+------+


11. Instantiated Netlists
-------------------------

+---------------------------------+------+
|             Ref Name            | Used |
+---------------------------------+------+
| design_3_zynq_ultra_ps_e_0_0    |    1 |
| design_3_xbar_0                 |    1 |
| design_3_rst_ps8_0_99M_0        |    1 |
| design_3_mlp_HLS_0_0            |    1 |
| design_3_axi_smc_0              |    1 |
| design_3_axi_dma_0_0            |    1 |
| design_3_axi_bram_ctrl_0_bram_0 |    1 |
| design_3_axi_bram_ctrl_0_0      |    1 |
| design_3_auto_pc_0              |    1 |
| design_3_auto_ds_1              |    1 |
| design_3_auto_ds_0              |    1 |
+---------------------------------+------+


